<?xml version="1.0" encoding="UTF-8"?>
<!-- Generated by org.testng.reporters.JUnitReportReporter -->
<testsuite skipped="0" hostname="ADMINIB-U0RGV7D" name="mavan.examplecom.Example" tests="1" failures="0" timestamp="04 May 2017 14:11:40 GMT" time="0.025" errors="0">
  <testcase name="printName" time="0.025" classname="mavan.examplecom.Example"/>
</testsuite> <!-- mavan.examplecom.Example -->
